<?xml version="1.0" encoding="UTF-8"?>
<!-- Generated by org.testng.reporters.JUnitXMLReporter -->
<testsuite hostname="ARS-NBT-LAP" ignored="0" name="vKycProcess1" tests="30" failures="2" timestamp="14 Jun 2022 11:59:39 GMT" time="484.215" errors="0">
  <testcase name="uploadVKycCaseByAdmin" time="8.787" classname="com.vKyc.Testcases.TC_VideoKyc"/>
  <testcase name="verifyCaseInAssignedBucket" time="8.316" classname="com.vKyc.Testcases.TC_VideoKyc"/>
  <testcase name="scheduleCaseByAgent" time="21.584" classname="com.vKyc.Testcases.TC_VideoKyc"/>
  <testcase name="vKycProcessByCustomer" time="190.831" classname="com.vKyc.Testcases.TC_VideoKyc"/>
  <testcase name="vkycProcessByAgent" time="53.157" classname="com.vKyc.Testcases.TC_VideoKyc"/>
  <testcase name="vkycCaseApprovedByAuditor" time="9.403" classname="com.vKyc.Testcases.TC_VideoKyc"/>
  <testcase name="verifyCandidateNameonReport" time="0.103" classname="com.vKyc.Testcases.TC_VideoKyc"/>
  <testcase name="verifyCallStartAndEndDateOnReport" time="0.271" classname="com.vKyc.Testcases.TC_VideoKyc"/>
  <testcase name="verifyGeotaggingAddressOnReport" time="0.156" classname="com.vKyc.Testcases.TC_VideoKyc"/>
  <testcase name="verifyPandataDetailsOnReport" time="0.467" classname="com.vKyc.Testcases.TC_VideoKyc"/>
  <testcase name="verifyAdhaardataDetailsOnReport" time="0.29" classname="com.vKyc.Testcases.TC_VideoKyc"/>
  <testcase name="verifyFaceMatchScoreOnReport" time="0.105" classname="com.vKyc.Testcases.TC_VideoKyc"/>
  <testcase name="downloadAndVerifyRecordedVideo" time="12.725" classname="com.vKyc.Testcases.TC_VideoKyc"/>
  <testcase name="checkCaseAvailabilityinApprovedBucket" time="16.985" classname="com.vKyc.Testcases.TC_VideoKyc"/>
  <testcase name="verifyTodayReportDownloadStatusAndContent" time="15.542" classname="com.vKyc.Testcases.TC_VideoKyc">
    <failure type="java.lang.AssertionError" message="expected [true] but found [false]">
      <![CDATA[java.lang.AssertionError: expected [true] but found [false]
at com.vKyc.Testcases.TC_VideoKyc.verifyTodayReportDownloadStatusAndContent(TC_VideoKyc.java:569)
... Removed 32 stack frames]]>
    </failure>
  </testcase> <!-- verifyTodayReportDownloadStatusAndContent -->
  <testcase name="verifySevenDaysReportDownloadStatus" time="0.0" classname="com.vKyc.Testcases.TC_VideoKyc">
    <skipped/>
  </testcase> <!-- verifySevenDaysReportDownloadStatus -->
  <testcase name="verifyThirtyDaysReportDownloadStatus" time="0.0" classname="com.vKyc.Testcases.TC_VideoKyc">
    <skipped/>
  </testcase> <!-- verifyThirtyDaysReportDownloadStatus -->
  <testcase name="verifyNinetyDaysReportDownloadStatus" time="0.0" classname="com.vKyc.Testcases.TC_VideoKyc">
    <skipped/>
  </testcase> <!-- verifyNinetyDaysReportDownloadStatus -->
  <testcase name="uploadCaseUsingExcel" time="12.572" classname="com.vKyc.Testcases.TC_VideoKyc"/>
  <testcase name="verifyCaseUploadAtAgentEnd" time="7.601" classname="com.vKyc.Testcases.TC_VideoKyc"/>
  <testcase name="uploadVKycCaseByAdminForCaseTransfer" time="9.122" classname="com.vKyc.Testcases.TC_VideoKyc"/>
  <testcase name="transferCaseByAgent" time="27.628" classname="com.vKyc.Testcases.TC_VideoKyc"/>
  <testcase name="verifyCaseAtTransferredAgent" time="8.212" classname="com.vKyc.Testcases.TC_VideoKyc"/>
  <testcase name="uploadVKycCaseByAdminForReschedulelater" time="9.408" classname="com.vKyc.Testcases.TC_VideoKyc"/>
  <testcase name="scheduleCaseByAgentForReschedulelater" time="16.414" classname="com.vKyc.Testcases.TC_VideoKyc"/>
  <testcase name="markCaseAsReschedulelater" time="8.995" classname="com.vKyc.Testcases.TC_VideoKyc"/>
  <testcase name="verifyCaseAvailabilityInAssignedBucket" time="12.881" classname="com.vKyc.Testcases.TC_VideoKyc"/>
  <testcase name="uploadVKycCaseByAdminForInlineReschedule" time="8.514" classname="com.vKyc.Testcases.TC_VideoKyc"/>
  <testcase name="scheduleCaseByAgentForInlineReschedule" time="15.157" classname="com.vKyc.Testcases.TC_VideoKyc"/>
  <testcase name="inlineRescheduleCall" time="1.091" classname="com.vKyc.Testcases.TC_VideoKyc">
    <failure type="java.lang.NullPointerException">
      <![CDATA[java.lang.NullPointerException
at com.vKyc.Pageobject.videoKyc.inlinineRescheduleCall(videoKyc.java:2086)
at com.vKyc.Testcases.TC_VideoKyc.inlineRescheduleCall(TC_VideoKyc.java:1465)
... Removed 28 stack frames]]>
    </failure>
  </testcase> <!-- inlineRescheduleCall -->
</testsuite> <!-- vKycProcess1 -->
