<?xml version="1.0" encoding="UTF-8"?>
<!-- Generated by org.testng.reporters.JUnitXMLReporter -->
<testsuite hostname="ARS-NBT-LAP" ignored="2" name="vPdProcess" tests="26" failures="7" timestamp="22 Mar 2022 14:24:20 GMT" time="272.221" errors="0">
  <testcase name="uploadVpdCaseByAdmin" time="183.561" classname="com.vKyc.Testcases.TC_VPD">
    <failure type="org.openqa.selenium.TimeoutException" message="Expected condition failed: waiting for visibility of Proxy element for: DefaultElementLocator &amp;apos;By.xpath: //*[@id=&amp;apos;Check_Pad&amp;apos;]&amp;apos; (tried for 120 second(s) with 500 milliseconds interval)">
      <![CDATA[org.openqa.selenium.TimeoutException: Expected condition failed: waiting for visibility of Proxy element for: DefaultElementLocator 'By.xpath: //*[@id='Check_Pad']' (tried for 120 second(s) with 500 milliseconds interval)
at org.openqa.selenium.support.ui.WebDriverWait.timeoutException(WebDriverWait.java:113)
at org.openqa.selenium.support.ui.FluentWait.until(FluentWait.java:283)
at com.vKyc.Pageobject.VPD.uploadCase(VPD.java:373)
at com.vKyc.Testcases.TC_VPD.uploadVpdCaseByAdmin(TC_VPD.java:46)
Caused by: org.openqa.selenium.NoSuchElementException: no such element: Unable to locate element: {"method":"xpath","selector":"//*[@id='Check_Pad']"}
  (Session info: chrome=91.0.4472.101)
For documentation on this error, please visit: http://seleniumhq.org/exceptions/no_such_element.html
Build info: version: '3.14.0', revision: 'aacccce0', time: '2018-08-02T20:19:58.91Z'
System info: host: 'ARS-NBT-LAP', ip: '127.0.1.1', os.name: 'Linux', os.arch: 'amd64', os.version: '4.15.0-142-generic', java.version: '1.8.0_292'
Driver info: org.openqa.selenium.chrome.ChromeDriver
Capabilities {acceptInsecureCerts: false, browserName: chrome, browserVersion: 91.0.4472.101, chrome: {chromedriverVersion: 91.0.4472.19 (1bf021f248676..., userDataDir: /tmp/.com.google.Chrome.nBoH7P}, goog:chromeOptions: {debuggerAddress: localhost:41251}, javascriptEnabled: true, networkConnectionEnabled: false, pageLoadStrategy: normal, platform: LINUX, platformName: LINUX, proxy: Proxy(), setWindowRect: true, strictFileInteractability: false, timeouts: {implicit: 0, pageLoad: 300000, script: 30000}, unhandledPromptBehavior: dismiss and notify, webauthn:extension:largeBlob: true, webauthn:virtualAuthenticators: true}
Session ID: 0892b3a814e50c616bad2b91b744ee82
*** Element info: {Using=xpath, value=//*[@id='Check_Pad']}
at org.openqa.selenium.remote.http.W3CHttpResponseCodec.createException(W3CHttpResponseCodec.java:187)
at org.openqa.selenium.remote.http.W3CHttpResponseCodec.decode(W3CHttpResponseCodec.java:122)
at org.openqa.selenium.remote.http.W3CHttpResponseCodec.decode(W3CHttpResponseCodec.java:49)
at org.openqa.selenium.remote.HttpCommandExecutor.execute(HttpCommandExecutor.java:158)
at org.openqa.selenium.remote.service.DriverCommandExecutor.execute(DriverCommandExecutor.java:83)
at org.openqa.selenium.remote.RemoteWebDriver.execute(RemoteWebDriver.java:548)
at org.openqa.selenium.remote.RemoteWebDriver.findElement(RemoteWebDriver.java:322)
at org.openqa.selenium.remote.RemoteWebDriver.findElementByXPath(RemoteWebDriver.java:424)
at org.openqa.selenium.By$ByXPath.findElement(By.java:353)
at org.openqa.selenium.remote.RemoteWebDriver.findElement(RemoteWebDriver.java:314)
at org.openqa.selenium.support.pagefactory.DefaultElementLocator.findElement(DefaultElementLocator.java:69)
at org.openqa.selenium.support.pagefactory.internal.LocatingElementHandler.invoke(LocatingElementHandler.java:38)
at com.sun.proxy.$Proxy9.isDisplayed(Unknown Source)
at org.openqa.selenium.support.ui.ExpectedConditions.elementIfVisible(ExpectedConditions.java:315)
at org.openqa.selenium.support.ui.ExpectedConditions.access$100(ExpectedConditions.java:44)
at org.openqa.selenium.support.ui.ExpectedConditions$10.apply(ExpectedConditions.java:301)
at org.openqa.selenium.support.ui.ExpectedConditions$10.apply(ExpectedConditions.java:298)
at org.openqa.selenium.support.ui.FluentWait.until(FluentWait.java:260)
... 30 more
... Removed 32 stack frames]]>
    </failure>
  </testcase> <!-- uploadVpdCaseByAdmin -->
  <testcase name="verifyCaseInAssignedBucket" time="0.0" classname="com.vKyc.Testcases.TC_VPD">
    <skipped/>
  </testcase> <!-- verifyCaseInAssignedBucket -->
  <testcase name="scheduleCaseByAuditor" time="0.0" classname="com.vKyc.Testcases.TC_VPD">
    <skipped/>
  </testcase> <!-- scheduleCaseByAuditor -->
  <testcase name="vpdProcessByCustomer" time="0.0" classname="com.vKyc.Testcases.TC_VPD">
    <skipped/>
  </testcase> <!-- vpdProcessByCustomer -->
  <testcase name="submitDocumentsAndStartVptByCustomer" time="0.0" classname="com.vKyc.Testcases.TC_VPD">
    <skipped/>
  </testcase> <!-- submitDocumentsAndStartVptByCustomer -->
  <testcase name="completeCaseByAuditor" time="0.0" classname="com.vKyc.Testcases.TC_VPD">
    <skipped/>
  </testcase> <!-- completeCaseByAuditor -->
  <testcase name="markCaseAsApprovedByAuditor" time="0.0" classname="com.vKyc.Testcases.TC_VPD">
    <skipped/>
  </testcase> <!-- markCaseAsApprovedByAuditor -->
  <testcase name="downloadAndVerifyReport" time="0.0" classname="com.vKyc.Testcases.TC_VPD">
    <skipped/>
  </testcase> <!-- downloadAndVerifyReport -->
  <testcase name="verifyCustomerName" time="0.0" classname="com.vKyc.Testcases.TC_VPD">
    <skipped/>
  </testcase> <!-- verifyCustomerName -->
  <testcase name="verifyCallStartDate" time="0.001" classname="com.vKyc.Testcases.TC_VPD">
    <failure type="java.lang.NullPointerException">
      <![CDATA[java.lang.NullPointerException
at com.vKyc.Testcases.TC_VPD.verifyCallStartDate(TC_VPD.java:301)
... Removed 28 stack frames]]>
    </failure>
  </testcase> <!-- verifyCallStartDate -->
  <testcase name="verifyGeoTagAddress" time="0.004" classname="com.vKyc.Testcases.TC_VPD">
    <failure type="java.lang.NullPointerException">
      <![CDATA[java.lang.NullPointerException
at com.vKyc.Testcases.TC_VPD.verifyGeoTagAddress(TC_VPD.java:316)
... Removed 28 stack frames]]>
    </failure>
  </testcase> <!-- verifyGeoTagAddress -->
  <testcase name="downloadAndVerifyRecordedVideo" time="82.327" classname="com.vKyc.Testcases.TC_VPD">
    <failure type="java.lang.NullPointerException">
      <![CDATA[java.lang.NullPointerException
at org.openqa.selenium.support.pagefactory.internal.LocatingElementHandler.invoke(LocatingElementHandler.java:51)
at com.sun.proxy.$Proxy9.isDisplayed(Unknown Source)
at org.openqa.selenium.support.ui.ExpectedConditions.elementIfVisible(ExpectedConditions.java:315)
at org.openqa.selenium.support.ui.ExpectedConditions.access$100(ExpectedConditions.java:44)
at org.openqa.selenium.support.ui.ExpectedConditions$10.apply(ExpectedConditions.java:301)
at org.openqa.selenium.support.ui.ExpectedConditions$10.apply(ExpectedConditions.java:298)
at org.openqa.selenium.support.ui.ExpectedConditions$23.apply(ExpectedConditions.java:686)
at org.openqa.selenium.support.ui.ExpectedConditions$23.apply(ExpectedConditions.java:682)
at org.openqa.selenium.support.ui.FluentWait.until(FluentWait.java:260)
at com.vKyc.Pageobject.VPD.getDownloadVideoUrlStatusCode(VPD.java:1126)
at com.vKyc.Testcases.TC_VPD.downloadAndVerifyRecordedVideo(TC_VPD.java:336)
... Removed 32 stack frames]]>
    </failure>
  </testcase> <!-- downloadAndVerifyRecordedVideo -->
  <testcase name="checkCaseAvailabilityinApprovedBucket" time="0.009" classname="com.vKyc.Testcases.TC_VPD">
    <failure type="org.openqa.selenium.WebDriverException" message="chrome not reachable
  (Session info: chrome=91.0.4472.101)
Build info: version: &amp;apos;3.14.0&amp;apos;, revision: &amp;apos;aacccce0&amp;apos;, time: &amp;apos;2018-08-02T20:19:58.91Z&amp;apos;
System info: host: &amp;apos;ARS-NBT-LAP&amp;apos;, ip: &amp;apos;127.0.1.1&amp;apos;, os.name: &amp;apos;Linux&amp;apos;, os.arch: &amp;apos;amd64&amp;apos;, os.version: &amp;apos;4.15.0-142-generic&amp;apos;, java.version: &amp;apos;1.8.0_292&amp;apos;
Driver info: org.openqa.selenium.chrome.ChromeDriver
Capabilities {acceptInsecureCerts: false, browserName: chrome, browserVersion: 91.0.4472.101, chrome: {chromedriverVersion: 91.0.4472.19 (1bf021f248676..., userDataDir: /tmp/.com.google.Chrome.nBoH7P}, goog:chromeOptions: {debuggerAddress: localhost:41251}, javascriptEnabled: true, networkConnectionEnabled: false, pageLoadStrategy: normal, platform: LINUX, platformName: LINUX, proxy: Proxy(), setWindowRect: true, strictFileInteractability: false, timeouts: {implicit: 0, pageLoad: 300000, script: 30000}, unhandledPromptBehavior: dismiss and notify, webauthn:extension:largeBlob: true, webauthn:virtualAuthenticators: true}
Session ID: 0892b3a814e50c616bad2b91b744ee82">
      <![CDATA[org.openqa.selenium.WebDriverException: chrome not reachable
  (Session info: chrome=91.0.4472.101)
Build info: version: '3.14.0', revision: 'aacccce0', time: '2018-08-02T20:19:58.91Z'
System info: host: 'ARS-NBT-LAP', ip: '127.0.1.1', os.name: 'Linux', os.arch: 'amd64', os.version: '4.15.0-142-generic', java.version: '1.8.0_292'
Driver info: org.openqa.selenium.chrome.ChromeDriver
Capabilities {acceptInsecureCerts: false, browserName: chrome, browserVersion: 91.0.4472.101, chrome: {chromedriverVersion: 91.0.4472.19 (1bf021f248676..., userDataDir: /tmp/.com.google.Chrome.nBoH7P}, goog:chromeOptions: {debuggerAddress: localhost:41251}, javascriptEnabled: true, networkConnectionEnabled: false, pageLoadStrategy: normal, platform: LINUX, platformName: LINUX, proxy: Proxy(), setWindowRect: true, strictFileInteractability: false, timeouts: {implicit: 0, pageLoad: 300000, script: 30000}, unhandledPromptBehavior: dismiss and notify, webauthn:extension:largeBlob: true, webauthn:virtualAuthenticators: true}
Session ID: 0892b3a814e50c616bad2b91b744ee82
at org.openqa.selenium.remote.http.W3CHttpResponseCodec.createException(W3CHttpResponseCodec.java:187)
at org.openqa.selenium.remote.http.W3CHttpResponseCodec.decode(W3CHttpResponseCodec.java:122)
at org.openqa.selenium.remote.http.W3CHttpResponseCodec.decode(W3CHttpResponseCodec.java:49)
at org.openqa.selenium.remote.HttpCommandExecutor.execute(HttpCommandExecutor.java:158)
at org.openqa.selenium.remote.service.DriverCommandExecutor.execute(DriverCommandExecutor.java:83)
at org.openqa.selenium.remote.RemoteWebDriver.execute(RemoteWebDriver.java:548)
at org.openqa.selenium.remote.RemoteWebDriver.execute(RemoteWebDriver.java:605)
at org.openqa.selenium.remote.RemoteWebDriver.getWindowHandles(RemoteWebDriver.java:456)
at com.vKyc.Testcases.TC_VPD.checkCaseAvailabilityinApprovedBucket(TC_VPD.java:350)
... Removed 32 stack frames]]>
    </failure>
  </testcase> <!-- checkCaseAvailabilityinApprovedBucket -->
  <testcase name="uploadVpdCaseByAdminForRejectingByAuditor" time="0.019" classname="com.vKyc.Testcases.TC_VPD">
    <failure type="org.openqa.selenium.WebDriverException" message="chrome not reachable
  (Session info: chrome=91.0.4472.101)
Build info: version: &amp;apos;3.14.0&amp;apos;, revision: &amp;apos;aacccce0&amp;apos;, time: &amp;apos;2018-08-02T20:19:58.91Z&amp;apos;
System info: host: &amp;apos;ARS-NBT-LAP&amp;apos;, ip: &amp;apos;127.0.1.1&amp;apos;, os.name: &amp;apos;Linux&amp;apos;, os.arch: &amp;apos;amd64&amp;apos;, os.version: &amp;apos;4.15.0-142-generic&amp;apos;, java.version: &amp;apos;1.8.0_292&amp;apos;
Driver info: org.openqa.selenium.chrome.ChromeDriver
Capabilities {acceptInsecureCerts: false, browserName: chrome, browserVersion: 91.0.4472.101, chrome: {chromedriverVersion: 91.0.4472.19 (1bf021f248676..., userDataDir: /tmp/.com.google.Chrome.nBoH7P}, goog:chromeOptions: {debuggerAddress: localhost:41251}, javascriptEnabled: true, networkConnectionEnabled: false, pageLoadStrategy: normal, platform: LINUX, platformName: LINUX, proxy: Proxy(), setWindowRect: true, strictFileInteractability: false, timeouts: {implicit: 0, pageLoad: 300000, script: 30000}, unhandledPromptBehavior: dismiss and notify, webauthn:extension:largeBlob: true, webauthn:virtualAuthenticators: true}
Session ID: 0892b3a814e50c616bad2b91b744ee82">
      <![CDATA[org.openqa.selenium.WebDriverException: chrome not reachable
  (Session info: chrome=91.0.4472.101)
Build info: version: '3.14.0', revision: 'aacccce0', time: '2018-08-02T20:19:58.91Z'
System info: host: 'ARS-NBT-LAP', ip: '127.0.1.1', os.name: 'Linux', os.arch: 'amd64', os.version: '4.15.0-142-generic', java.version: '1.8.0_292'
Driver info: org.openqa.selenium.chrome.ChromeDriver
Capabilities {acceptInsecureCerts: false, browserName: chrome, browserVersion: 91.0.4472.101, chrome: {chromedriverVersion: 91.0.4472.19 (1bf021f248676..., userDataDir: /tmp/.com.google.Chrome.nBoH7P}, goog:chromeOptions: {debuggerAddress: localhost:41251}, javascriptEnabled: true, networkConnectionEnabled: false, pageLoadStrategy: normal, platform: LINUX, platformName: LINUX, proxy: Proxy(), setWindowRect: true, strictFileInteractability: false, timeouts: {implicit: 0, pageLoad: 300000, script: 30000}, unhandledPromptBehavior: dismiss and notify, webauthn:extension:largeBlob: true, webauthn:virtualAuthenticators: true}
Session ID: 0892b3a814e50c616bad2b91b744ee82
at org.openqa.selenium.remote.http.W3CHttpResponseCodec.createException(W3CHttpResponseCodec.java:187)
at org.openqa.selenium.remote.http.W3CHttpResponseCodec.decode(W3CHttpResponseCodec.java:122)
at org.openqa.selenium.remote.http.W3CHttpResponseCodec.decode(W3CHttpResponseCodec.java:49)
at org.openqa.selenium.remote.HttpCommandExecutor.execute(HttpCommandExecutor.java:158)
at org.openqa.selenium.remote.service.DriverCommandExecutor.execute(DriverCommandExecutor.java:83)
at org.openqa.selenium.remote.RemoteWebDriver.execute(RemoteWebDriver.java:548)
at org.openqa.selenium.remote.RemoteWebDriver.get(RemoteWebDriver.java:276)
at com.vKyc.Testcases.TC_VPD.uploadVpdCaseByAdminForRejectingByAuditor(TC_VPD.java:423)
... Removed 32 stack frames]]>
    </failure>
  </testcase> <!-- uploadVpdCaseByAdminForRejectingByAuditor -->
  <testcase name="scheduleCaseByAuditorForRejectByAuditor" time="0.0" classname="com.vKyc.Testcases.TC_VPD">
    <skipped/>
  </testcase> <!-- scheduleCaseByAuditorForRejectByAuditor -->
  <testcase name="vpdProcessByCustomerForRejectByAuditor" time="0.0" classname="com.vKyc.Testcases.TC_VPD">
    <skipped/>
  </testcase> <!-- vpdProcessByCustomerForRejectByAuditor -->
  <testcase name="submitDocumentsAndStartVptByCustomerForRejectByAuditor" time="0.0" classname="com.vKyc.Testcases.TC_VPD">
    <skipped/>
  </testcase> <!-- submitDocumentsAndStartVptByCustomerForRejectByAuditor -->
  <testcase name="completeCaseByAuditorForRejectByAuditor" time="0.0" classname="com.vKyc.Testcases.TC_VPD">
    <skipped/>
  </testcase> <!-- completeCaseByAuditorForRejectByAuditor -->
  <testcase name="vpdCaseRejectedByAuditor" time="0.0" classname="com.vKyc.Testcases.TC_VPD">
    <skipped/>
  </testcase> <!-- vpdCaseRejectedByAuditor -->
  <testcase name="checkCaseAvailabilityinRejectedBucket" time="0.0" classname="com.vKyc.Testcases.TC_VPD">
    <skipped/>
  </testcase> <!-- checkCaseAvailabilityinRejectedBucket -->
  <testcase name="uploadVpdCaseByAdminForReAssignByAuditor" time="0.015" classname="com.vKyc.Testcases.TC_VPD">
    <failure type="org.openqa.selenium.WebDriverException" message="chrome not reachable
  (Session info: chrome=91.0.4472.101)
Build info: version: &amp;apos;3.14.0&amp;apos;, revision: &amp;apos;aacccce0&amp;apos;, time: &amp;apos;2018-08-02T20:19:58.91Z&amp;apos;
System info: host: &amp;apos;ARS-NBT-LAP&amp;apos;, ip: &amp;apos;127.0.1.1&amp;apos;, os.name: &amp;apos;Linux&amp;apos;, os.arch: &amp;apos;amd64&amp;apos;, os.version: &amp;apos;4.15.0-142-generic&amp;apos;, java.version: &amp;apos;1.8.0_292&amp;apos;
Driver info: org.openqa.selenium.chrome.ChromeDriver
Capabilities {acceptInsecureCerts: false, browserName: chrome, browserVersion: 91.0.4472.101, chrome: {chromedriverVersion: 91.0.4472.19 (1bf021f248676..., userDataDir: /tmp/.com.google.Chrome.nBoH7P}, goog:chromeOptions: {debuggerAddress: localhost:41251}, javascriptEnabled: true, networkConnectionEnabled: false, pageLoadStrategy: normal, platform: LINUX, platformName: LINUX, proxy: Proxy(), setWindowRect: true, strictFileInteractability: false, timeouts: {implicit: 0, pageLoad: 300000, script: 30000}, unhandledPromptBehavior: dismiss and notify, webauthn:extension:largeBlob: true, webauthn:virtualAuthenticators: true}
Session ID: 0892b3a814e50c616bad2b91b744ee82">
      <![CDATA[org.openqa.selenium.WebDriverException: chrome not reachable
  (Session info: chrome=91.0.4472.101)
Build info: version: '3.14.0', revision: 'aacccce0', time: '2018-08-02T20:19:58.91Z'
System info: host: 'ARS-NBT-LAP', ip: '127.0.1.1', os.name: 'Linux', os.arch: 'amd64', os.version: '4.15.0-142-generic', java.version: '1.8.0_292'
Driver info: org.openqa.selenium.chrome.ChromeDriver
Capabilities {acceptInsecureCerts: false, browserName: chrome, browserVersion: 91.0.4472.101, chrome: {chromedriverVersion: 91.0.4472.19 (1bf021f248676..., userDataDir: /tmp/.com.google.Chrome.nBoH7P}, goog:chromeOptions: {debuggerAddress: localhost:41251}, javascriptEnabled: true, networkConnectionEnabled: false, pageLoadStrategy: normal, platform: LINUX, platformName: LINUX, proxy: Proxy(), setWindowRect: true, strictFileInteractability: false, timeouts: {implicit: 0, pageLoad: 300000, script: 30000}, unhandledPromptBehavior: dismiss and notify, webauthn:extension:largeBlob: true, webauthn:virtualAuthenticators: true}
Session ID: 0892b3a814e50c616bad2b91b744ee82
at org.openqa.selenium.remote.http.W3CHttpResponseCodec.createException(W3CHttpResponseCodec.java:187)
at org.openqa.selenium.remote.http.W3CHttpResponseCodec.decode(W3CHttpResponseCodec.java:122)
at org.openqa.selenium.remote.http.W3CHttpResponseCodec.decode(W3CHttpResponseCodec.java:49)
at org.openqa.selenium.remote.HttpCommandExecutor.execute(HttpCommandExecutor.java:158)
at org.openqa.selenium.remote.service.DriverCommandExecutor.execute(DriverCommandExecutor.java:83)
at org.openqa.selenium.remote.RemoteWebDriver.execute(RemoteWebDriver.java:548)
at org.openqa.selenium.remote.RemoteWebDriver.get(RemoteWebDriver.java:276)
at com.vKyc.Testcases.TC_VPD.uploadVpdCaseByAdminForReAssignByAuditor(TC_VPD.java:637)
... Removed 32 stack frames]]>
    </failure>
  </testcase> <!-- uploadVpdCaseByAdminForReAssignByAuditor -->
  <testcase name="scheduleCaseByAuditorForReassignByAuditor" time="0.0" classname="com.vKyc.Testcases.TC_VPD">
    <skipped/>
  </testcase> <!-- scheduleCaseByAuditorForReassignByAuditor -->
  <testcase name="vpdProcessByCustomerForReassignByAuditor" time="0.0" classname="com.vKyc.Testcases.TC_VPD">
    <skipped/>
  </testcase> <!-- vpdProcessByCustomerForReassignByAuditor -->
  <testcase name="submitDocumentsAndStartVptByCustomerForReassignByAuditor" time="0.0" classname="com.vKyc.Testcases.TC_VPD">
    <skipped/>
  </testcase> <!-- submitDocumentsAndStartVptByCustomerForReassignByAuditor -->
  <testcase name="completeCaseByAuditorForReassignByAuditor" time="0.0" classname="com.vKyc.Testcases.TC_VPD">
    <skipped/>
  </testcase> <!-- completeCaseByAuditorForReassignByAuditor -->
  <testcase name="vpdCaseReAssignByAuditor" time="0.0" classname="com.vKyc.Testcases.TC_VPD">
    <skipped/>
  </testcase> <!-- vpdCaseReAssignByAuditor -->
  <testcase name="verifyCaseUploadAtAuditorEnd" time="0.0" classname="com.vKyc.Testcases.TC_VPD">
    <ignored/>
  </testcase> <!-- verifyCaseUploadAtAuditorEnd -->
  <testcase name="uploadCaseUsingExcel" time="0.0" classname="com.vKyc.Testcases.TC_VPD">
    <ignored/>
  </testcase> <!-- uploadCaseUsingExcel -->
</testsuite> <!-- vPdProcess -->
